<?xml version="1.0" encoding="UTF-8"?>
<!-- Generated by org.testng.reporters.JUnitReportReporter -->
<testsuite hostname="GOOGLE" failures="0" tests="1" name="testCase.NotificationMessage" time="13.332" errors="0" timestamp="2024-05-31T10:34:05 IST" skipped="0">
  <testcase classname="testCase.NotificationMessage" name="notificationMessage" time="13.332"/>
</testsuite> <!-- testCase.NotificationMessage -->
