<?xml version="1.0" encoding="UTF-8"?>
<!-- Generated by org.testng.reporters.JUnitReportReporter -->
<testsuite hostname="GOOGLE" failures="0" tests="1" name="testCase.WebInput" time="5.119" errors="0" timestamp="2024-05-31T10:34:05 IST" skipped="0">
  <testcase classname="testCase.WebInput" name="testCaseWebInput" time="5.119"/>
</testsuite> <!-- testCase.WebInput -->
