<?xml version="1.0" encoding="UTF-8"?>
<!-- Generated by org.testng.reporters.JUnitReportReporter -->
<testsuite hostname="GOOGLE" failures="0" tests="1" name="testCase.DynamicTable" time="8.331" errors="0" timestamp="2024-05-31T10:34:05 IST" skipped="0">
  <testcase classname="testCase.DynamicTable" name="dynamicTableMethod" time="8.331"/>
</testsuite> <!-- testCase.DynamicTable -->
